2021-08-15 07:04:56 INFO  SuiteListener:47 - Test Execution StartedSun Aug 15 07:04:56 IST 2021
2021-08-15 07:04:57 INFO  SuiteListener:21 - Test Case Started::rechargeDetails
2021-08-15 07:04:57 INFO  SuiteListener:35 - Test Case Skipped::rechargeDetails
2021-08-15 07:04:57 INFO  SuiteListener:51 - Test Execution EndedSun Aug 15 07:04:57 IST 2021
2021-08-15 07:05:31 INFO  SuiteListener:47 - Test Execution StartedSun Aug 15 07:05:31 IST 2021
2021-08-15 07:05:32 INFO  SuiteListener:21 - Test Case Started::rechargeDetails
2021-08-15 07:05:32 INFO  SuiteListener:35 - Test Case Skipped::rechargeDetails
2021-08-15 07:05:32 INFO  SuiteListener:51 - Test Execution EndedSun Aug 15 07:05:32 IST 2021
2021-08-15 07:23:03 INFO  TestBase:47 - Launch the  chrome browser 
2021-08-15 07:23:08 INFO  TestBase:52 - Open the  http://sanbox.undostres.com.mx application 
2021-08-15 07:23:08 INFO  SuiteListener:47 - Test Execution StartedSun Aug 15 07:23:08 IST 2021
2021-08-15 07:23:09 INFO  SuiteListener:21 - Test Case Started::rechargeDetails
2021-08-15 07:23:09 INFO  Recharge:12 - Click on Operaton option
2021-08-15 07:23:21 INFO  Recharge:19 - Select the  Operator
2021-08-15 07:23:42 INFO  Recharge:29 - Enter the Mobile Number
2021-08-15 07:23:43 INFO  Recharge:36 - Click on Operaton option
2021-08-15 07:23:43 INFO  Recharge:43 - Select the  Amount
2021-08-15 07:24:03 INFO  Recharge:54 - Click on Next  Button
2021-08-15 07:24:04 INFO  SuiteListener:25 - Test Case Passed::rechargeDetails
2021-08-15 07:24:04 INFO  SuiteListener:51 - Test Execution EndedSun Aug 15 07:24:04 IST 2021
2021-08-15 07:25:19 INFO  TestBase:47 - Launch the  chrome browser 
2021-08-15 07:25:23 INFO  TestBase:52 - Open the  http://sanbox.undostres.com.mx application 
2021-08-15 07:25:23 INFO  SuiteListener:47 - Test Execution StartedSun Aug 15 07:25:23 IST 2021
2021-08-15 07:25:24 INFO  SuiteListener:21 - Test Case Started::rechargeDetails
2021-08-15 07:25:24 INFO  Recharge:12 - Click on Operaton option
2021-08-15 07:25:24 INFO  Recharge:19 - Select the  Operator
2021-08-15 07:25:50 INFO  Recharge:29 - Enter the Mobile Number
2021-08-15 07:25:50 INFO  Recharge:36 - Click on Operaton option
2021-08-15 07:25:50 INFO  Recharge:43 - Select the  Amount
2021-08-15 07:26:11 INFO  Recharge:54 - Click on Next  Button
2021-08-15 07:26:11 INFO  SuiteListener:25 - Test Case Passed::rechargeDetails
2021-08-15 07:26:11 INFO  SuiteListener:51 - Test Execution EndedSun Aug 15 07:26:11 IST 2021
2021-08-15 07:33:09 INFO  TestBase:47 - Launch the  chrome browser 
2021-08-15 07:33:13 INFO  TestBase:52 - Open the  http://sanbox.undostres.com.mx application 
2021-08-15 07:33:13 INFO  SuiteListener:47 - Test Execution StartedSun Aug 15 07:33:13 IST 2021
2021-08-15 07:33:14 INFO  SuiteListener:21 - Test Case Started::rechargeDetails
2021-08-15 07:33:14 INFO  Recharge:12 - Click on Operaton option
2021-08-15 07:33:14 INFO  Recharge:19 - Select the  Operator
2021-08-15 07:33:39 INFO  Recharge:29 - Enter the Mobile Number
2021-08-15 07:33:39 INFO  Recharge:36 - Click on Operaton option
2021-08-15 07:33:39 INFO  Recharge:43 - Select the  Amount
2021-08-15 07:34:00 INFO  Recharge:54 - Click on Next  Button
2021-08-15 07:34:00 INFO  SuiteListener:25 - Test Case Passed::rechargeDetails
2021-08-15 07:34:00 INFO  SuiteListener:51 - Test Execution EndedSun Aug 15 07:34:00 IST 2021
2021-08-15 07:39:10 INFO  TestBase:47 - Launch the  chrome browser 
2021-08-15 07:39:14 INFO  TestBase:52 - Open the  http://sanbox.undostres.com.mx application 
2021-08-15 07:39:14 INFO  SuiteListener:47 - Test Execution StartedSun Aug 15 07:39:14 IST 2021
2021-08-15 07:39:14 INFO  SuiteListener:21 - Test Case Started::rechargeDetails
2021-08-15 07:39:14 INFO  Recharge:12 - Click on Operaton option
2021-08-15 07:39:15 INFO  Recharge:19 - Select the  Operator
2021-08-15 07:39:40 INFO  Recharge:29 - Enter the Mobile Number
2021-08-15 07:39:40 INFO  Recharge:36 - Click on Operaton option
2021-08-15 07:39:40 INFO  Recharge:43 - Select the  Amount
2021-08-15 07:40:01 INFO  Recharge:54 - Click on Next  Button
2021-08-15 07:40:01 INFO  SuiteListener:25 - Test Case Passed::rechargeDetails
2021-08-15 07:40:01 INFO  SuiteListener:51 - Test Execution EndedSun Aug 15 07:40:01 IST 2021
2021-08-15 07:42:58 INFO  TestBase:47 - Launch the  chrome browser 
2021-08-15 07:43:02 INFO  TestBase:52 - Open the  http://sanbox.undostres.com.mx application 
2021-08-15 07:43:02 INFO  SuiteListener:47 - Test Execution StartedSun Aug 15 07:43:02 IST 2021
2021-08-15 07:43:03 INFO  SuiteListener:21 - Test Case Started::rechargeDetails
2021-08-15 07:43:03 INFO  Recharge:12 - Click on Operaton option
2021-08-15 07:43:03 INFO  Recharge:19 - Select the  Operator
2021-08-15 07:43:27 INFO  Recharge:29 - Enter the Mobile Number
2021-08-15 07:43:27 INFO  Recharge:36 - Click on Operaton option
2021-08-15 07:43:27 INFO  Recharge:43 - Select the  Amount
2021-08-15 07:43:47 INFO  Recharge:54 - Click on Next  Button
2021-08-15 07:43:48 INFO  SuiteListener:25 - Test Case Passed::rechargeDetails
2021-08-15 07:43:48 INFO  SuiteListener:51 - Test Execution EndedSun Aug 15 07:43:48 IST 2021
2021-08-15 07:46:16 INFO  TestBase:46 - Launch the  chrome browser 
2021-08-15 07:46:20 INFO  TestBase:51 - Open the  http://sanbox.undostres.com.mx application 
2021-08-15 07:46:20 INFO  SuiteListener:47 - Test Execution StartedSun Aug 15 07:46:20 IST 2021
2021-08-15 07:46:21 INFO  SuiteListener:21 - Test Case Started::rechargeDetails
2021-08-15 07:46:21 INFO  Recharge:12 - Click on Operaton option
2021-08-15 07:46:21 INFO  Recharge:19 - Select the  Operator
2021-08-15 07:46:43 INFO  Recharge:29 - Enter the Mobile Number
2021-08-15 07:46:43 INFO  Recharge:36 - Click on Operaton option
2021-08-15 07:46:43 INFO  Recharge:43 - Select the  Amount
2021-08-15 07:47:03 INFO  Recharge:54 - Click on Next  Button
2021-08-15 07:47:04 INFO  SuiteListener:25 - Test Case Passed::rechargeDetails
2021-08-15 07:47:04 INFO  SuiteListener:51 - Test Execution EndedSun Aug 15 07:47:04 IST 2021
2021-08-15 07:48:55 INFO  TestBase:47 - Launch the  chrome browser 
2021-08-15 07:48:58 INFO  TestBase:52 - Open the  http://sanbox.undostres.com.mx application 
2021-08-15 07:48:59 INFO  SuiteListener:47 - Test Execution StartedSun Aug 15 07:48:58 IST 2021
2021-08-15 07:48:59 INFO  SuiteListener:21 - Test Case Started::rechargeDetails
2021-08-15 07:48:59 INFO  Recharge:12 - Click on Operaton option
2021-08-15 07:48:59 INFO  Recharge:19 - Select the  Operator
2021-08-15 07:49:21 INFO  Recharge:29 - Enter the Mobile Number
2021-08-15 07:49:22 INFO  Recharge:36 - Click on Operaton option
2021-08-15 07:49:22 INFO  Recharge:43 - Select the  Amount
2021-08-15 07:49:42 INFO  Recharge:54 - Click on Next  Button
2021-08-15 07:49:42 INFO  SuiteListener:25 - Test Case Passed::rechargeDetails
2021-08-15 07:49:43 INFO  SuiteListener:51 - Test Execution EndedSun Aug 15 07:49:43 IST 2021
2021-08-15 07:50:10 INFO  TestBase:47 - Launch the  chrome browser 
2021-08-15 07:50:14 INFO  TestBase:52 - Open the  http://sanbox.undostres.com.mx application 
2021-08-15 07:50:14 INFO  SuiteListener:47 - Test Execution StartedSun Aug 15 07:50:14 IST 2021
2021-08-15 07:50:15 INFO  SuiteListener:21 - Test Case Started::rechargeDetails
2021-08-15 07:50:15 INFO  Recharge:12 - Click on Operaton option
2021-08-15 07:50:15 INFO  Recharge:19 - Select the  Operator
2021-08-15 07:50:37 INFO  Recharge:29 - Enter the Mobile Number
2021-08-15 07:50:37 INFO  Recharge:36 - Click on Operaton option
2021-08-15 07:50:37 INFO  Recharge:43 - Select the  Amount
2021-08-15 07:50:58 INFO  Recharge:54 - Click on Next  Button
2021-08-15 07:50:58 INFO  SuiteListener:25 - Test Case Passed::rechargeDetails
2021-08-15 07:50:58 INFO  SuiteListener:51 - Test Execution EndedSun Aug 15 07:50:58 IST 2021
2021-08-15 07:52:59 INFO  TestBase:45 - Load the Properties
2021-08-15 07:53:01 INFO  TestBase:48 - Launch the  chrome browser 
2021-08-15 07:53:05 INFO  TestBase:53 - Open the  http://sanbox.undostres.com.mx application 
2021-08-15 07:53:05 INFO  SuiteListener:47 - Test Execution StartedSun Aug 15 07:53:05 IST 2021
2021-08-15 07:53:06 INFO  SuiteListener:21 - Test Case Started::rechargeDetails
2021-08-15 07:53:06 INFO  Recharge:12 - Click on Operaton option
2021-08-15 07:53:06 INFO  Recharge:19 - Select the  Operator
2021-08-15 07:53:28 INFO  Recharge:29 - Enter the Mobile Number
2021-08-15 07:53:28 INFO  Recharge:36 - Click on Operaton option
2021-08-15 07:53:28 INFO  Recharge:43 - Select the  Amount
2021-08-15 07:53:49 INFO  Recharge:54 - Click on Next  Button
2021-08-15 07:53:49 INFO  SuiteListener:25 - Test Case Passed::rechargeDetails
2021-08-15 07:53:49 INFO  SuiteListener:51 - Test Execution EndedSun Aug 15 07:53:49 IST 2021
2021-08-15 07:54:45 INFO  TestBase:42 - Load the Properties
2021-08-15 07:54:48 INFO  TestBase:45 - Launch the  chrome browser 
2021-08-15 07:54:51 INFO  TestBase:50 - Open the  http://sanbox.undostres.com.mx application 
2021-08-15 07:54:51 INFO  SuiteListener:47 - Test Execution StartedSun Aug 15 07:54:51 IST 2021
2021-08-15 07:54:52 INFO  SuiteListener:21 - Test Case Started::rechargeDetails
2021-08-15 07:54:52 INFO  Recharge:12 - Click on Operaton option
2021-08-15 07:54:52 INFO  Recharge:19 - Select the  Operator
2021-08-15 07:55:15 INFO  Recharge:29 - Enter the Mobile Number
2021-08-15 07:55:15 INFO  Recharge:36 - Click on Operaton option
2021-08-15 07:55:15 INFO  Recharge:43 - Select the  Amount
2021-08-15 07:55:35 INFO  Recharge:54 - Click on Next  Button
2021-08-15 07:55:36 INFO  SuiteListener:25 - Test Case Passed::rechargeDetails
2021-08-15 07:55:36 INFO  SuiteListener:51 - Test Execution EndedSun Aug 15 07:55:36 IST 2021
2021-08-15 08:00:17 INFO  TestBase:42 - Load the Properties
2021-08-15 08:00:19 INFO  TestBase:45 - Launch the  chrome browser 
2021-08-15 08:00:23 INFO  TestBase:50 - Open the  http://sanbox.undostres.com.mx application 
2021-08-15 08:00:23 INFO  SuiteListener:47 - Test Execution StartedSun Aug 15 08:00:23 IST 2021
2021-08-15 08:00:24 INFO  SuiteListener:21 - Test Case Started::rechargeDetails
2021-08-15 08:00:24 INFO  Recharge:12 - Click on Operaton option
2021-08-15 08:00:24 INFO  Recharge:19 - Select the  Operator
2021-08-15 08:00:49 INFO  Recharge:29 - Enter the Mobile Number
2021-08-15 08:00:49 INFO  Recharge:36 - Click on Operaton option
2021-08-15 08:00:49 INFO  Recharge:43 - Select the  Amount
2021-08-15 08:01:10 INFO  Recharge:54 - Click on Next  Button
2021-08-15 08:01:13 INFO  SuiteListener:25 - Test Case Passed::rechargeDetails
2021-08-15 08:01:13 INFO  SuiteListener:51 - Test Execution EndedSun Aug 15 08:01:13 IST 2021
2021-08-16 08:24:17 INFO  TestBase:42 - Load the Properties
2021-08-16 08:24:24 INFO  TestBase:45 - Launch the  chrome browser 
2021-08-16 08:47:32 INFO  TestBase:42 - Load the Properties
2021-08-16 08:47:36 INFO  TestBase:45 - Launch the  chrome browser 
2021-08-16 08:50:07 INFO  TestBase:44 - Load the Properties
2021-08-16 08:50:10 INFO  TestBase:47 - Launch the  chrome browser 
2021-08-16 08:56:41 INFO  TestBase:43 - Load the Properties
2021-08-16 08:56:43 INFO  TestBase:46 - Launch the  chrome browser 
2021-08-16 08:59:16 INFO  TestBase:51 - Open the  http://sanbox.undostres.com.mx application 
2021-08-16 08:59:16 INFO  SuiteListener:47 - Test Execution StartedMon Aug 16 08:59:16 IST 2021
2021-08-16 08:59:17 INFO  SuiteListener:21 - Test Case Started::rechargeDetails
2021-08-16 08:59:17 INFO  Recharge:12 - Click on Operaton option
2021-08-16 08:59:37 INFO  SuiteListener:29 - Test Case Failed::rechargeDetails
2021-08-16 08:59:38 INFO  SuiteListener:51 - Test Execution EndedMon Aug 16 08:59:38 IST 2021
2021-08-16 09:04:38 INFO  TestBase:43 - Load the Properties
2021-08-16 09:04:40 INFO  TestBase:46 - Launch the  chrome browser 
2021-08-16 09:07:14 INFO  TestBase:51 - Open the  http://sanbox.undostres.com.mx application 
2021-08-16 09:07:14 INFO  SuiteListener:47 - Test Execution StartedMon Aug 16 09:07:14 IST 2021
2021-08-16 09:07:15 INFO  SuiteListener:21 - Test Case Started::rechargeDetails
2021-08-16 09:07:15 INFO  Recharge:12 - Click on Operaton option
2021-08-16 09:07:15 INFO  Recharge:19 - Select the  Operator
2021-08-16 09:07:50 INFO  Recharge:29 - Enter the Mobile Number
2021-08-16 09:07:51 INFO  Recharge:36 - Click on Operaton option
2021-08-16 09:07:51 INFO  Recharge:43 - Select the  Amount
2021-08-16 09:08:12 INFO  Recharge:54 - Click on Next  Button
2021-08-16 09:08:13 INFO  SuiteListener:25 - Test Case Passed::rechargeDetails
2021-08-16 09:08:13 INFO  SuiteListener:51 - Test Execution EndedMon Aug 16 09:08:13 IST 2021
2021-08-16 09:28:30 INFO  TestBase:43 - Load the Properties
2021-08-16 09:28:33 INFO  TestBase:46 - Launch the  chrome browser 
2021-08-16 09:31:06 INFO  TestBase:51 - Open the  http://sanbox.undostres.com.mx application 
2021-08-16 09:31:06 INFO  SuiteListener:52 - Test Execution Started on =========================>>>>Mon Aug 16 09:31:06 IST 2021
2021-08-16 09:31:07 INFO  SuiteListener:26 - Test Case Started::  rechargeDetails
2021-08-16 09:31:07 INFO  Recharge:12 - Click on Operaton option
2021-08-16 09:31:27 INFO  SuiteListener:34 - rechargeDetails Test Case is Failed
2021-08-16 09:31:27 INFO  SuiteListener:56 - Test Execution Ended on =========================>>>>Mon Aug 16 09:31:27 IST 2021
2021-08-16 10:06:56 INFO  TestBase:43 - Load the Properties
2021-08-16 10:07:01 INFO  TestBase:46 - Launch the  chrome browser 
2021-08-16 10:12:02 INFO  SuiteListener:52 - Test Execution Started on =========================>>>>Mon Aug 16 10:12:02 IST 2021
2021-08-16 10:12:04 INFO  SuiteListener:26 - Test Case Started::  rechargeDetails
2021-08-16 10:12:04 INFO  SuiteListener:40 - rechargeDetails Test Case is Skipped
2021-08-16 10:12:04 INFO  SuiteListener:56 - Test Execution Ended on =========================>>>>Mon Aug 16 10:12:04 IST 2021
2021-08-16 10:24:11 INFO  TestBase:47 - Load the Properties
2021-08-16 10:24:14 INFO  TestBase:50 - Launch the  chrome browser 
2021-08-16 10:26:47 INFO  TestBase:55 - Open the  http://sanbox.undostres.com.mx application 
2021-08-16 10:26:47 INFO  SuiteListener:52 - Test Execution Started on =========================>>>>Mon Aug 16 10:26:47 IST 2021
2021-08-16 10:26:48 INFO  SuiteListener:26 - Test Case Started::  rechargeDetails
2021-08-16 10:26:48 INFO  Recharge_TC:53 - TesCase Not Executed
2021-08-16 10:26:48 INFO  SuiteListener:30 - rechargeDetails Test Case is Passed
2021-08-16 10:26:48 INFO  SuiteListener:56 - Test Execution Ended on =========================>>>>Mon Aug 16 10:26:48 IST 2021
2021-08-16 10:36:42 INFO  TestBase:47 - Load the Properties
2021-08-16 10:36:45 INFO  TestBase:50 - Launch the  chrome browser 
2021-08-16 10:39:17 INFO  TestBase:55 - Open the  http://sanbox.undostres.com.mx application 
2021-08-16 10:39:18 INFO  Recharge_TC:53 - TesCase Not Executed
2021-08-16 10:41:10 INFO  TestBase:47 - Load the Properties
2021-08-16 10:41:13 INFO  TestBase:50 - Launch the  chrome browser 
2021-08-16 10:41:18 INFO  TestBase:55 - Open the  http://sanbox.undostres.com.mx application 
2021-08-16 10:41:18 INFO  SuiteListener:52 - Test Execution Started on =========================>>>>Mon Aug 16 10:41:18 IST 2021
2021-08-16 10:41:18 INFO  SuiteListener:26 - Test Case Started::  rechargeDetails
2021-08-16 10:41:18 INFO  Recharge_TC:53 - TesCase Not Executed
2021-08-16 10:41:18 INFO  SuiteListener:30 - rechargeDetails Test Case is Passed
2021-08-16 10:41:18 INFO  SuiteListener:56 - Test Execution Ended on =========================>>>>Mon Aug 16 10:41:18 IST 2021
2021-08-16 10:41:46 INFO  TestBase:47 - Load the Properties
2021-08-16 10:42:00 INFO  TestBase:47 - Load the Properties
2021-08-16 10:42:04 INFO  TestBase:50 - Launch the  chrome browser 
2021-08-16 10:44:36 INFO  TestBase:55 - Open the  http://sanbox.undostres.com.mx application 
2021-08-16 10:44:36 INFO  SuiteListener:52 - Test Execution Started on =========================>>>>Mon Aug 16 10:44:36 IST 2021
2021-08-16 10:44:37 INFO  SuiteListener:26 - Test Case Started::  rechargeDetails
2021-08-16 10:44:37 INFO  Recharge_TC:53 - TesCase Not Executed
2021-08-16 10:44:37 INFO  SuiteListener:30 - rechargeDetails Test Case is Passed
2021-08-16 10:44:37 INFO  SuiteListener:56 - Test Execution Ended on =========================>>>>Mon Aug 16 10:44:37 IST 2021
2021-08-16 10:54:07 INFO  TestBase:47 - Load the Properties
2021-08-16 10:54:11 INFO  TestBase:50 - Launch the  chrome browser 
2021-08-16 10:55:26 INFO  TestBase:55 - Open the  http://sanbox.undostres.com.mx application 
2021-08-16 10:55:27 INFO  SuiteListener:52 - Test Execution Started on =========================>>>>Mon Aug 16 10:55:27 IST 2021
2021-08-16 10:55:28 INFO  SuiteListener:26 - Test Case Started::  rechargeDetails
2021-08-16 10:55:28 INFO  Recharge_TC:52 - TesCase Not Executed
2021-08-16 10:55:28 INFO  SuiteListener:30 - rechargeDetails Test Case is Passed
2021-08-16 10:55:28 INFO  SuiteListener:56 - Test Execution Ended on =========================>>>>Mon Aug 16 10:55:28 IST 2021
2021-08-16 10:57:10 INFO  TestBase:47 - Load the Properties
2021-08-16 10:57:28 INFO  TestBase:50 - Launch the  chrome browser 
2021-08-16 11:00:05 INFO  TestBase:54 - Open the  http://sanbox.undostres.com.mx application 
2021-08-16 11:00:14 INFO  SuiteListener:52 - Test Execution Started on =========================>>>>Mon Aug 16 11:00:14 IST 2021
2021-08-16 11:00:22 INFO  SuiteListener:26 - Test Case Started::  rechargeDetails
2021-08-16 11:00:22 INFO  Recharge_TC:52 - TesCase Not Executed
2021-08-16 11:00:22 INFO  SuiteListener:30 - rechargeDetails Test Case is Passed
2021-08-16 11:00:22 INFO  SuiteListener:56 - Test Execution Ended on =========================>>>>Mon Aug 16 11:00:22 IST 2021
2021-08-16 11:14:01 INFO  TestBase:47 - Load the Properties
2021-08-16 11:14:07 INFO  TestBase:50 - Launch the  chrome browser 
2021-08-16 11:16:39 INFO  TestBase:54 - Open the  http://sanbox.undostres.com.mx application 
2021-08-16 11:16:39 INFO  SuiteListener:52 - Test Execution Started on =========================>>>>Mon Aug 16 11:16:39 IST 2021
2021-08-16 11:16:42 INFO  SuiteListener:26 - Test Case Started::  rechargeDetails
2021-08-16 11:16:42 INFO  Recharge_TC:55 - TesCase Not Executed
2021-08-16 11:16:42 INFO  SuiteListener:30 - rechargeDetails Test Case is Passed
2021-08-16 11:16:42 INFO  SuiteListener:56 - Test Execution Ended on =========================>>>>Mon Aug 16 11:16:42 IST 2021
2021-08-16 11:19:21 INFO  TestBase:47 - Load the Properties
2021-08-16 11:19:38 INFO  TestBase:50 - Launch the  chrome browser 
2021-08-16 11:31:11 INFO  TestBase:54 - Open the  http://sanbox.undostres.com.mx application 
2021-08-16 11:31:17 INFO  SuiteListener:52 - Test Execution Started on =========================>>>>Mon Aug 16 11:31:17 IST 2021
2021-08-16 11:31:25 INFO  SuiteListener:26 - Test Case Started::  rechargeDetails
2021-08-16 11:31:25 INFO  Recharge_TC:55 - TesCase Not Executed
2021-08-16 11:31:25 INFO  SuiteListener:30 - rechargeDetails Test Case is Passed
2021-08-16 11:31:25 INFO  SuiteListener:56 - Test Execution Ended on =========================>>>>Mon Aug 16 11:31:25 IST 2021
2021-08-16 11:33:17 INFO  TestBase:47 - Load the Properties
2021-08-16 11:33:20 INFO  TestBase:50 - Launch the  chrome browser 
2021-08-16 11:35:53 INFO  TestBase:54 - Open the  http://sanbox.undostres.com.mx application 
2021-08-16 11:35:53 INFO  SuiteListener:52 - Test Execution Started on =========================>>>>Mon Aug 16 11:35:53 IST 2021
2021-08-16 11:35:54 INFO  SuiteListener:26 - Test Case Started::  rechargeDetails
2021-08-16 11:35:54 INFO  Recharge_TC:55 - TesCase Not Executed
2021-08-16 11:35:54 INFO  SuiteListener:30 - rechargeDetails Test Case is Passed
2021-08-16 11:35:54 INFO  SuiteListener:56 - Test Execution Ended on =========================>>>>Mon Aug 16 11:35:54 IST 2021
2021-08-16 11:38:05 INFO  TestBase:47 - Load the Properties
2021-08-16 11:38:08 INFO  TestBase:50 - Launch the  chrome browser 
2021-08-16 11:40:41 INFO  TestBase:54 - Open the  http://sanbox.undostres.com.mx application 
2021-08-16 11:41:30 INFO  SuiteListener:52 - Test Execution Started on =========================>>>>Mon Aug 16 11:41:30 IST 2021
2021-08-16 11:41:32 INFO  SuiteListener:26 - Test Case Started::  rechargeDetails
2021-08-16 11:44:32 INFO  TestBase:47 - Load the Properties
2021-08-16 11:44:35 INFO  TestBase:50 - Launch the  chrome browser 
2021-08-16 11:47:08 INFO  TestBase:54 - Open the  http://sanbox.undostres.com.mx application 
2021-08-16 12:07:31 INFO  SuiteListener:52 - Test Execution Started on =========================>>>>Mon Aug 16 12:07:31 IST 2021
2021-08-16 12:07:34 INFO  SuiteListener:26 - Test Case Started::  rechargeDetails
2021-08-16 12:08:44 INFO  TestBase:47 - Load the Properties
2021-08-16 12:08:51 INFO  TestBase:50 - Launch the  chrome browser 
2021-08-16 12:09:08 INFO  TestBase:47 - Load the Properties
2021-08-16 12:09:12 INFO  TestBase:50 - Launch the  chrome browser 
2021-08-16 12:11:44 INFO  TestBase:54 - Open the  http://sanbox.undostres.com.mx application 
2021-08-16 12:11:54 INFO  SuiteListener:52 - Test Execution Started on =========================>>>>Mon Aug 16 12:11:54 IST 2021
2021-08-16 12:11:55 INFO  SuiteListener:26 - Test Case Started::  rechargeDetails
2021-08-16 12:12:56 INFO  SuiteListener:34 - rechargeDetails Test Case is Failed
2021-08-16 12:12:57 INFO  SuiteListener:56 - Test Execution Ended on =========================>>>>Mon Aug 16 12:12:57 IST 2021
2021-08-16 12:18:50 INFO  TestBase:47 - Load the Properties
2021-08-16 12:18:53 INFO  TestBase:50 - Launch the  chrome browser 
2021-08-16 12:23:53 INFO  SuiteListener:52 - Test Execution Started on =========================>>>>Mon Aug 16 12:23:53 IST 2021
2021-08-16 12:23:54 INFO  SuiteListener:26 - Test Case Started::  rechargeDetails
2021-08-16 12:23:54 INFO  SuiteListener:40 - rechargeDetails Test Case is Skipped
2021-08-16 12:23:54 INFO  SuiteListener:56 - Test Execution Ended on =========================>>>>Mon Aug 16 12:23:54 IST 2021
2021-08-16 12:26:37 INFO  TestBase:49 - Load the Properties
2021-08-16 12:26:40 INFO  TestBase:52 - Launch the  chrome browser 
2021-08-16 12:29:12 INFO  TestBase:56 - Open the  http://sanbox.undostres.com.mx application 
2021-08-16 12:29:12 INFO  SuiteListener:52 - Test Execution Started on =========================>>>>Mon Aug 16 12:29:12 IST 2021
2021-08-16 12:29:12 INFO  SuiteListener:26 - Test Case Started::  rechargeDetails
2021-08-16 12:29:43 INFO  SuiteListener:34 - rechargeDetails Test Case is Failed
2021-08-16 12:29:43 INFO  SuiteListener:56 - Test Execution Ended on =========================>>>>Mon Aug 16 12:29:43 IST 2021
2021-08-16 12:35:06 INFO  TestBase:49 - Load the Properties
2021-08-16 12:35:08 INFO  TestBase:52 - Launch the  chrome browser 
2021-08-16 12:37:41 INFO  TestBase:56 - Open the  http://sanbox.undostres.com.mx application 
2021-08-16 12:39:32 INFO  SuiteListener:52 - Test Execution Started on =========================>>>>Mon Aug 16 12:39:32 IST 2021
2021-08-16 12:39:32 INFO  SuiteListener:26 - Test Case Started::  rechargeDetails
2021-08-16 12:40:14 INFO  SuiteListener:34 - rechargeDetails Test Case is Failed
2021-08-16 12:40:14 INFO  SuiteListener:56 - Test Execution Ended on =========================>>>>Mon Aug 16 12:40:14 IST 2021
2021-08-16 13:03:16 INFO  TestBase:49 - Load the Properties
2021-08-16 13:03:22 INFO  TestBase:49 - Load the Properties
2021-08-16 13:03:24 INFO  TestBase:52 - Launch the  chrome browser 
2021-08-16 13:05:57 INFO  TestBase:56 - Open the  http://sanbox.undostres.com.mx application 
2021-08-16 13:06:10 INFO  SuiteListener:52 - Test Execution Started on =========================>>>>Mon Aug 16 13:06:10 IST 2021
2021-08-16 13:06:10 INFO  SuiteListener:26 - Test Case Started::  rechargeDetails
2021-08-16 13:07:03 INFO  SuiteListener:34 - rechargeDetails Test Case is Failed
2021-08-16 13:07:04 INFO  SuiteListener:56 - Test Execution Ended on =========================>>>>Mon Aug 16 13:07:04 IST 2021
2021-08-16 13:09:29 INFO  TestBase:49 - Load the Properties
2021-08-16 13:09:32 INFO  TestBase:52 - Launch the  chrome browser 
2021-08-16 13:12:05 INFO  TestBase:56 - Open the  http://sanbox.undostres.com.mx application 
2021-08-16 13:12:10 INFO  SuiteListener:52 - Test Execution Started on =========================>>>>Mon Aug 16 13:12:10 IST 2021
2021-08-16 13:12:11 INFO  SuiteListener:26 - Test Case Started::  rechargeDetails
2021-08-16 13:17:53 INFO  TestBase:49 - Load the Properties
2021-08-16 13:18:07 INFO  TestBase:49 - Load the Properties
2021-08-16 13:18:10 INFO  TestBase:52 - Launch the  chrome browser 
2021-08-16 13:20:42 INFO  TestBase:56 - Open the  http://sanbox.undostres.com.mx application 
2021-08-16 13:24:01 INFO  SuiteListener:52 - Test Execution Started on =========================>>>>Mon Aug 16 13:24:01 IST 2021
2021-08-16 13:24:01 INFO  SuiteListener:26 - Test Case Started::  rechargeDetails
2021-08-16 13:24:55 INFO  SuiteListener:34 - rechargeDetails Test Case is Failed
2021-08-16 13:24:55 INFO  SuiteListener:56 - Test Execution Ended on =========================>>>>Mon Aug 16 13:24:55 IST 2021
2021-08-16 13:26:17 INFO  TestBase:49 - Load the Properties
2021-08-16 13:26:20 INFO  TestBase:52 - Launch the  chrome browser 
2021-08-16 13:26:24 INFO  TestBase:56 - Open the  http://sanbox.undostres.com.mx application 
2021-08-16 13:26:27 INFO  SuiteListener:52 - Test Execution Started on =========================>>>>Mon Aug 16 13:26:26 IST 2021
2021-08-16 13:26:27 INFO  SuiteListener:26 - Test Case Started::  rechargeDetails
2021-08-16 13:26:34 INFO  Recharge:14 - Click on Operaton option
2021-08-16 13:26:40 INFO  Recharge:21 - Select the  Operator
2021-08-16 13:27:13 INFO  Recharge:31 - Enter the Mobile Number
2021-08-16 13:27:13 INFO  Recharge:38 - Click on Operaton option
2021-08-16 13:27:13 INFO  Recharge:45 - Select the  Amount
2021-08-16 13:27:33 INFO  Recharge:56 - Click on Next  Button
2021-08-16 13:28:18 INFO  TestBase:49 - Load the Properties
2021-08-16 13:28:21 INFO  TestBase:52 - Launch the  chrome browser 
2021-08-16 13:28:25 INFO  TestBase:56 - Open the  http://sanbox.undostres.com.mx application 
2021-08-16 13:28:30 INFO  SuiteListener:52 - Test Execution Started on =========================>>>>Mon Aug 16 13:28:30 IST 2021
2021-08-16 13:28:30 INFO  SuiteListener:26 - Test Case Started::  rechargeDetails
2021-08-16 13:28:43 INFO  Recharge:14 - Click on Operaton option
2021-08-16 13:28:44 INFO  Recharge:21 - Select the  Operator
2021-08-16 13:29:09 INFO  Recharge:31 - Enter the Mobile Number
2021-08-16 13:29:10 INFO  Recharge:38 - Click on Operaton option
2021-08-16 13:29:12 INFO  Recharge:45 - Select the  Amount
2021-08-16 13:29:38 INFO  Recharge:56 - Click on Next  Button
2021-08-16 13:30:22 INFO  SuiteListener:34 - rechargeDetails Test Case is Failed
2021-08-16 13:30:22 INFO  SuiteListener:56 - Test Execution Ended on =========================>>>>Mon Aug 16 13:30:22 IST 2021
2021-08-16 13:32:21 INFO  TestBase:49 - Load the Properties
2021-08-16 13:32:23 INFO  TestBase:52 - Launch the  chrome browser 
2021-08-16 13:32:28 INFO  TestBase:56 - Open the  http://sanbox.undostres.com.mx application 
2021-08-16 13:32:30 INFO  SuiteListener:52 - Test Execution Started on =========================>>>>Mon Aug 16 13:32:30 IST 2021
2021-08-16 13:32:31 INFO  SuiteListener:26 - Test Case Started::  rechargeDetails
2021-08-16 13:32:33 INFO  Recharge:14 - Click on Operaton option
2021-08-16 13:32:33 INFO  Recharge:21 - Select the  Operator
2021-08-16 13:32:54 INFO  Recharge:31 - Enter the Mobile Number
2021-08-16 13:32:55 INFO  Recharge:38 - Click on Operaton option
2021-08-16 13:32:55 INFO  Recharge:45 - Select the  Amount
2021-08-16 13:33:15 INFO  Recharge:56 - Click on Next  Button
2021-08-16 13:33:54 INFO  SuiteListener:34 - rechargeDetails Test Case is Failed
2021-08-16 13:33:55 INFO  SuiteListener:56 - Test Execution Ended on =========================>>>>Mon Aug 16 13:33:55 IST 2021
2021-08-16 13:35:11 INFO  TestBase:49 - Load the Properties
2021-08-16 13:35:14 INFO  TestBase:52 - Launch the  chrome browser 
2021-08-16 13:37:46 INFO  TestBase:56 - Open the  http://sanbox.undostres.com.mx application 
2021-08-16 13:37:49 INFO  SuiteListener:52 - Test Execution Started on =========================>>>>Mon Aug 16 13:37:49 IST 2021
2021-08-16 13:37:50 INFO  SuiteListener:26 - Test Case Started::  rechargeDetails
2021-08-16 13:38:26 INFO  SuiteListener:34 - rechargeDetails Test Case is Failed
2021-08-16 13:38:27 INFO  SuiteListener:56 - Test Execution Ended on =========================>>>>Mon Aug 16 13:38:27 IST 2021
2021-08-16 13:41:29 INFO  TestBase:49 - Load the Properties
2021-08-16 13:41:31 INFO  TestBase:52 - Launch the  chrome browser 
2021-08-16 13:46:06 INFO  TestBase:49 - Load the Properties
2021-08-16 13:46:10 INFO  TestBase:52 - Launch the  chrome browser 
2021-08-16 13:47:07 INFO  TestBase:49 - Load the Properties
2021-08-16 13:47:09 INFO  TestBase:52 - Launch the  chrome browser 
2021-08-16 13:49:41 INFO  TestBase:56 - Open the  http://sanbox.undostres.com.mx application 
2021-08-16 13:49:47 INFO  SuiteListener:52 - Test Execution Started on =========================>>>>Mon Aug 16 13:49:47 IST 2021
2021-08-16 13:49:47 INFO  SuiteListener:26 - Test Case Started::  rechargeDetails
2021-08-16 13:49:57 INFO  SuiteListener:30 - rechargeDetails Test Case is Passed
2021-08-16 13:49:57 INFO  SuiteListener:56 - Test Execution Ended on =========================>>>>Mon Aug 16 13:49:57 IST 2021
2021-08-16 13:55:52 INFO  TestBase:49 - Load the Properties
2021-08-16 13:55:55 INFO  TestBase:52 - Launch the  chrome browser 
2021-08-16 14:00:55 INFO  SuiteListener:52 - Test Execution Started on =========================>>>>Mon Aug 16 14:00:55 IST 2021
2021-08-16 14:00:55 INFO  SuiteListener:26 - Test Case Started::  rechargeDetails
2021-08-16 14:00:55 INFO  SuiteListener:40 - rechargeDetails Test Case is Skipped
2021-08-16 14:00:55 INFO  SuiteListener:56 - Test Execution Ended on =========================>>>>Mon Aug 16 14:00:55 IST 2021
2021-08-16 14:02:41 INFO  TestBase:49 - Load the Properties
2021-08-16 14:02:44 INFO  TestBase:52 - Launch the  chrome browser 
2021-08-16 14:05:16 INFO  TestBase:56 - Open the  http://sanbox.undostres.com.mx application 
2021-08-16 14:05:17 INFO  SuiteListener:52 - Test Execution Started on =========================>>>>Mon Aug 16 14:05:17 IST 2021
2021-08-16 14:05:17 INFO  SuiteListener:26 - Test Case Started::  rechargeDetails
2021-08-16 14:05:31 INFO  SuiteListener:30 - rechargeDetails Test Case is Passed
2021-08-16 14:05:31 INFO  SuiteListener:56 - Test Execution Ended on =========================>>>>Mon Aug 16 14:05:31 IST 2021
2021-08-16 14:07:33 INFO  TestBase:46 - Loading the report method
2021-08-16 14:07:34 INFO  TestBase:49 - Load the Properties
2021-08-16 14:07:37 INFO  TestBase:51 - Launch the  chrome browser 
2021-08-16 14:10:09 INFO  TestBase:55 - Open the  http://sanbox.undostres.com.mx application 
2021-08-16 14:10:14 INFO  SuiteListener:52 - Test Execution Started on =========================>>>>Mon Aug 16 14:10:13 IST 2021
2021-08-16 14:10:14 INFO  SuiteListener:26 - Test Case Started::  rechargeDetails
2021-08-16 14:10:22 INFO  SuiteListener:34 - rechargeDetails Test Case is Failed
2021-08-16 14:10:22 INFO  SuiteListener:56 - Test Execution Ended on =========================>>>>Mon Aug 16 14:10:22 IST 2021
2021-08-16 14:12:01 INFO  TestBase:46 - Loading the report method
2021-08-16 14:12:01 INFO  TestBase:49 - Load the Properties
2021-08-16 14:12:04 INFO  TestBase:51 - Launch the  chrome browser 
2021-08-16 14:16:10 INFO  TestBase:46 - Loading the report method
2021-08-16 14:16:10 INFO  TestBase:49 - Load the Properties
2021-08-16 14:16:15 INFO  TestBase:51 - Launch the  chrome browser 
2021-08-16 14:18:47 INFO  TestBase:55 - Open the  http://sanbox.undostres.com.mx application 
2021-08-16 14:18:52 INFO  SuiteListener:52 - Test Execution Started on =========================>>>>Mon Aug 16 14:18:52 IST 2021
2021-08-16 14:18:53 INFO  SuiteListener:26 - Test Case Started::  rechargeDetails
2021-08-16 14:19:03 INFO  SuiteListener:34 - rechargeDetails Test Case is Failed
2021-08-16 14:19:04 INFO  SuiteListener:56 - Test Execution Ended on =========================>>>>Mon Aug 16 14:19:04 IST 2021
2021-08-16 14:19:35 INFO  TestBase:46 - Loading the report method
2021-08-16 14:19:35 INFO  TestBase:49 - Load the Properties
2021-08-16 14:19:38 INFO  TestBase:51 - Launch the  chrome browser 
2021-08-16 14:19:43 INFO  TestBase:55 - Open the  http://sanbox.undostres.com.mx application 
2021-08-16 14:19:47 INFO  SuiteListener:52 - Test Execution Started on =========================>>>>Mon Aug 16 14:19:47 IST 2021
2021-08-16 14:19:47 INFO  SuiteListener:26 - Test Case Started::  rechargeDetails
2021-08-16 14:19:59 INFO  Recharge:14 - Click on Operaton option
2021-08-16 14:20:03 INFO  Recharge:21 - Select the  Operator
2021-08-16 14:20:29 INFO  Recharge:31 - Enter the Mobile Number
2021-08-16 14:20:32 INFO  Recharge:38 - Click on Operaton option
2021-08-16 14:20:34 INFO  Recharge:45 - Select the  Amount
2021-08-16 14:21:00 INFO  Recharge:56 - Click on Next  Button
2021-08-16 14:21:22 INFO  SuiteListener:34 - rechargeDetails Test Case is Failed
2021-08-16 14:21:22 INFO  SuiteListener:56 - Test Execution Ended on =========================>>>>Mon Aug 16 14:21:22 IST 2021
2021-08-16 14:23:44 INFO  TestBase:46 - Loading the report method
2021-08-16 14:23:44 INFO  TestBase:49 - Load the Properties
2021-08-16 14:23:47 INFO  TestBase:51 - Launch the  chrome browser 
2021-08-16 14:23:52 INFO  TestBase:55 - Open the  http://sanbox.undostres.com.mx application 
2021-08-16 14:23:56 INFO  SuiteListener:52 - Test Execution Started on =========================>>>>Mon Aug 16 14:23:56 IST 2021
2021-08-16 14:23:56 INFO  SuiteListener:26 - Test Case Started::  rechargeDetails
2021-08-16 14:24:04 INFO  Recharge:14 - Click on Operaton option
2021-08-16 14:24:05 INFO  Recharge:21 - Select the  Operator
2021-08-16 14:24:30 INFO  Recharge:31 - Enter the Mobile Number
2021-08-16 14:24:35 INFO  Recharge:38 - Click on Operaton option
2021-08-16 14:24:37 INFO  Recharge:45 - Select the  Amount
2021-08-16 14:25:02 INFO  Recharge:56 - Click on Next  Button
2021-08-16 14:25:23 INFO  SuiteListener:30 - rechargeDetails Test Case is Passed
2021-08-16 14:25:23 INFO  SuiteListener:56 - Test Execution Ended on =========================>>>>Mon Aug 16 14:25:23 IST 2021
2021-08-16 14:27:37 INFO  TestBase:46 - Loading the report method
2021-08-16 14:27:38 INFO  TestBase:49 - Load the Properties
2021-08-16 14:27:41 INFO  TestBase:51 - Launch the  chrome browser 
2021-08-16 14:30:13 INFO  TestBase:55 - Open the  http://sanbox.undostres.com.mx application 
2021-08-16 14:30:17 INFO  SuiteListener:52 - Test Execution Started on =========================>>>>Mon Aug 16 14:30:17 IST 2021
2021-08-16 14:30:18 INFO  SuiteListener:26 - Test Case Started::  rechargeDetails
2021-08-16 14:30:20 INFO  SuiteListener:34 - rechargeDetails Test Case is Failed
2021-08-16 14:30:20 INFO  SuiteListener:56 - Test Execution Ended on =========================>>>>Mon Aug 16 14:30:20 IST 2021
2021-08-16 14:33:02 INFO  TestBase:46 - Loading the report method
2021-08-16 14:33:02 INFO  TestBase:49 - Load the Properties
2021-08-16 14:33:05 INFO  TestBase:51 - Launch the  chrome browser 
2021-08-16 14:34:22 INFO  TestBase:46 - Loading the report method
2021-08-16 14:34:22 INFO  TestBase:49 - Load the Properties
2021-08-16 14:34:25 INFO  TestBase:51 - Launch the  chrome browser 
2021-08-16 14:34:29 INFO  TestBase:55 - Open the  http://sanbox.undostres.com.mx application 
2021-08-16 14:34:36 INFO  TestBase:55 - Open the  http://sanbox.undostres.com.mx application 
2021-08-16 14:35:29 INFO  TestBase:46 - Loading the report method
2021-08-16 14:35:29 INFO  TestBase:49 - Load the Properties
2021-08-16 14:35:32 INFO  TestBase:51 - Launch the  chrome browser 
2021-08-16 14:38:05 INFO  TestBase:55 - Open the  http://sanbox.undostres.com.mx application 
2021-08-16 14:38:20 INFO  SuiteListener:52 - Test Execution Started on =========================>>>>Mon Aug 16 14:38:20 IST 2021
2021-08-16 14:38:21 INFO  SuiteListener:26 - Test Case Started::  rechargeDetails
2021-08-16 14:38:30 INFO  SuiteListener:34 - rechargeDetails Test Case is Failed
2021-08-16 14:38:30 INFO  SuiteListener:56 - Test Execution Ended on =========================>>>>Mon Aug 16 14:38:30 IST 2021
2021-08-16 14:40:10 INFO  TestBase:46 - Loading the report method
2021-08-16 14:40:10 INFO  TestBase:49 - Load the Properties
2021-08-16 14:40:13 INFO  TestBase:51 - Launch the  chrome browser 
2021-08-16 14:40:17 INFO  TestBase:55 - Open the  http://sanbox.undostres.com.mx application 
2021-08-16 14:40:17 INFO  SuiteListener:52 - Test Execution Started on =========================>>>>Mon Aug 16 14:40:17 IST 2021
2021-08-16 14:40:19 INFO  SuiteListener:26 - Test Case Started::  rechargeDetails
2021-08-16 14:40:19 INFO  Recharge:14 - Click on Operaton option
2021-08-16 14:40:19 INFO  Recharge:21 - Select the  Operator
2021-08-16 14:40:47 INFO  Recharge:31 - Enter the Mobile Number
2021-08-16 14:40:48 INFO  Recharge:38 - Click on Operaton option
2021-08-16 14:40:48 INFO  Recharge:45 - Select the  Amount
2021-08-16 14:41:08 INFO  Recharge:56 - Click on Next  Button
2021-08-16 14:41:13 INFO  SuiteListener:34 - rechargeDetails Test Case is Failed
2021-08-16 14:41:13 INFO  SuiteListener:56 - Test Execution Ended on =========================>>>>Mon Aug 16 14:41:13 IST 2021
2021-08-16 14:43:15 INFO  TestBase:46 - Loading the report method
2021-08-16 14:43:16 INFO  TestBase:49 - Load the Properties
2021-08-16 14:43:18 INFO  TestBase:51 - Launch the  chrome browser 
2021-08-16 14:43:23 INFO  TestBase:55 - Open the  http://sanbox.undostres.com.mx application 
2021-08-16 14:43:23 INFO  SuiteListener:52 - Test Execution Started on =========================>>>>Mon Aug 16 14:43:23 IST 2021
2021-08-16 14:43:24 INFO  SuiteListener:26 - Test Case Started::  rechargeDetails
2021-08-16 14:43:24 INFO  Recharge:14 - Click on Operaton option
2021-08-16 14:43:24 INFO  Recharge:21 - Select the  Operator
2021-08-16 14:43:46 INFO  Recharge:31 - Enter the Mobile Number
2021-08-16 14:43:47 INFO  Recharge:38 - Click on Operaton option
2021-08-16 14:43:47 INFO  Recharge:45 - Select the  Amount
2021-08-16 14:44:07 INFO  Recharge:56 - Click on Next  Button
2021-08-16 14:44:11 INFO  SuiteListener:34 - rechargeDetails Test Case is Failed
2021-08-16 14:44:11 INFO  SuiteListener:56 - Test Execution Ended on =========================>>>>Mon Aug 16 14:44:11 IST 2021
2021-08-16 14:45:12 INFO  TestBase:46 - Loading the report method
2021-08-16 14:45:13 INFO  TestBase:49 - Load the Properties
2021-08-16 14:45:15 INFO  TestBase:51 - Launch the  chrome browser 
2021-08-16 14:47:49 INFO  TestBase:55 - Open the  http://sanbox.undostres.com.mx application 
2021-08-16 14:47:49 INFO  SuiteListener:52 - Test Execution Started on =========================>>>>Mon Aug 16 14:47:49 IST 2021
2021-08-16 14:47:50 INFO  SuiteListener:26 - Test Case Started::  rechargeDetails
2021-08-16 14:47:50 INFO  Recharge:14 - Click on Operaton option
2021-08-16 14:47:52 INFO  Recharge:21 - Select the  Operator
2021-08-16 14:48:12 INFO  Recharge:31 - Enter the Mobile Number
2021-08-16 14:48:13 INFO  Recharge:38 - Click on Operaton option
2021-08-16 14:48:13 INFO  Recharge:45 - Select the  Amount
2021-08-16 14:48:33 INFO  Recharge:56 - Click on Next  Button
2021-08-16 14:48:37 INFO  SuiteListener:34 - rechargeDetails Test Case is Failed
2021-08-16 14:48:37 INFO  SuiteListener:56 - Test Execution Ended on =========================>>>>Mon Aug 16 14:48:37 IST 2021
2021-08-16 14:55:49 INFO  TestBase:46 - Loading the report method
2021-08-16 14:55:49 INFO  TestBase:49 - Load the Properties
2021-08-16 14:55:52 INFO  TestBase:51 - Launch the  chrome browser 
2021-08-16 14:58:24 INFO  TestBase:55 - Open the  http://sanbox.undostres.com.mx application 
2021-08-16 14:58:28 INFO  SuiteListener:52 - Test Execution Started on =========================>>>>Mon Aug 16 14:58:28 IST 2021
2021-08-16 14:58:29 INFO  SuiteListener:26 - Test Case Started::  rechargeDetails
2021-08-16 14:59:13 INFO  TestBase:46 - Loading the report method
2021-08-16 14:59:13 INFO  TestBase:49 - Load the Properties
2021-08-16 14:59:16 INFO  TestBase:51 - Launch the  chrome browser 
2021-08-16 15:01:49 INFO  TestBase:55 - Open the  http://sanbox.undostres.com.mx application 
2021-08-16 15:01:55 INFO  SuiteListener:52 - Test Execution Started on =========================>>>>Mon Aug 16 15:01:55 IST 2021
2021-08-16 15:01:56 INFO  SuiteListener:26 - Test Case Started::  rechargeDetails
2021-08-16 15:02:00 INFO  Recharge:14 - Click on Operaton option
2021-08-16 15:02:01 INFO  Recharge:21 - Select the  Operator
2021-08-16 15:02:27 INFO  Recharge:31 - Enter the Mobile Number
2021-08-16 15:02:30 INFO  Recharge:38 - Click on Operaton option
2021-08-16 15:02:32 INFO  Recharge:45 - Select the  Amount
2021-08-16 15:02:56 INFO  Recharge:56 - Click on Next  Button
2021-08-16 15:03:18 INFO  SuiteListener:34 - rechargeDetails Test Case is Failed
2021-08-16 15:03:19 INFO  SuiteListener:56 - Test Execution Ended on =========================>>>>Mon Aug 16 15:03:19 IST 2021
2021-08-16 15:03:33 INFO  TestBase:46 - Loading the report method
2021-08-16 15:03:33 INFO  TestBase:49 - Load the Properties
2021-08-16 15:03:36 INFO  TestBase:51 - Launch the  chrome browser 
2021-08-16 15:06:08 INFO  TestBase:55 - Open the  http://sanbox.undostres.com.mx application 
2021-08-16 15:06:08 INFO  SuiteListener:52 - Test Execution Started on =========================>>>>Mon Aug 16 15:06:08 IST 2021
2021-08-16 15:06:09 INFO  SuiteListener:26 - Test Case Started::  rechargeDetails
2021-08-16 15:06:10 INFO  SuiteListener:34 - rechargeDetails Test Case is Failed
2021-08-16 15:06:10 INFO  TestBase:46 - Loading the report method
2021-08-16 15:06:10 INFO  SuiteListener:56 - Test Execution Ended on =========================>>>>Mon Aug 16 15:06:10 IST 2021
2021-08-16 15:06:10 INFO  TestBase:49 - Load the Properties
2021-08-16 15:06:14 INFO  TestBase:51 - Launch the  chrome browser 
2021-08-16 15:06:20 INFO  TestBase:55 - Open the  http://sanbox.undostres.com.mx application 
2021-08-16 15:06:20 INFO  SuiteListener:52 - Test Execution Started on =========================>>>>Mon Aug 16 15:06:20 IST 2021
2021-08-16 15:06:20 INFO  SuiteListener:26 - Test Case Started::  rechargeDetails
2021-08-16 15:06:20 INFO  Recharge:14 - Click on Operaton option
2021-08-16 15:06:20 INFO  Recharge:21 - Select the  Operator
2021-08-16 15:06:30 INFO  Recharge:31 - Enter the Mobile Number
2021-08-16 15:06:31 INFO  SuiteListener:34 - rechargeDetails Test Case is Failed
2021-08-16 15:06:31 INFO  SuiteListener:34 - rechargeDetails Test Case is Failed
2021-08-16 15:06:31 INFO  SuiteListener:56 - Test Execution Ended on =========================>>>>Mon Aug 16 15:06:31 IST 2021
2021-08-16 15:06:49 INFO  TestBase:46 - Loading the report method
2021-08-16 15:06:49 INFO  TestBase:49 - Load the Properties
2021-08-16 15:06:52 INFO  TestBase:51 - Launch the  chrome browser 
2021-08-16 15:09:25 INFO  TestBase:55 - Open the  http://sanbox.undostres.com.mx application 
2021-08-16 15:09:25 INFO  SuiteListener:52 - Test Execution Started on =========================>>>>Mon Aug 16 15:09:25 IST 2021
2021-08-16 15:09:26 INFO  SuiteListener:26 - Test Case Started::  rechargeDetails
2021-08-16 15:09:26 INFO  SuiteListener:34 - rechargeDetails Test Case is Failed
2021-08-16 15:09:27 INFO  SuiteListener:56 - Test Execution Ended on =========================>>>>Mon Aug 16 15:09:27 IST 2021
